Build output check failed:
    Regex: 'argument .* is not valid'
    Output line: 'cc1: warning: ‘-Werror=’ argument ‘-Werror=non-virtual-dtor’ is not valid for C'
Compilation failed:
    source file: '/home/anirudhkaushik/build/CMakeFiles/CMakeTmp/src.c'
    check option: ' -fsigned-char -W -Wall -Werror=return-type  -Werror=non-virtual-dtor'
===== BUILD LOG =====
Change Dir: /home/anirudhkaushik/build/CMakeFiles/CMakeTmp

Run Build Command(s):/usr/bin/make cmTC_6b63b/fast && /usr/bin/make -f CMakeFiles/cmTC_6b63b.dir/build.make CMakeFiles/cmTC_6b63b.dir/build
make[1]: Entering directory '/home/anirudhkaushik/build/CMakeFiles/CMakeTmp'
Building C object CMakeFiles/cmTC_6b63b.dir/src.c.o
/usr/bin/cc   -O3 -DNDEBUG -fPIE    -fsigned-char -W -Wall -Werror=return-type  -Werror=non-virtual-dtor -o CMakeFiles/cmTC_6b63b.dir/src.c.o   -c /home/anirudhkaushik/build/CMakeFiles/CMakeTmp/src.c
cc1: warning: ‘-Werror=’ argument ‘-Werror=non-virtual-dtor’ is not valid for C
/home/anirudhkaushik/build/CMakeFiles/CMakeTmp/src.c:1: warning: ignoring #pragma   [-Wunknown-pragmas]
    1 | #pragma
      | 
Linking C executable cmTC_6b63b
/usr/bin/cmake -E cmake_link_script CMakeFiles/cmTC_6b63b.dir/link.txt --verbose=1
/usr/bin/cc   -O3 -DNDEBUG    CMakeFiles/cmTC_6b63b.dir/src.c.o  -o cmTC_6b63b 
make[1]: Leaving directory '/home/anirudhkaushik/build/CMakeFiles/CMakeTmp'


===== END =====

Build output check failed:
    Regex: 'command[- ]line option .* is valid for .* but not for C\+\+'
    Output line: 'cc1plus: warning: command line option ‘-Wmissing-prototypes’ is valid for C/ObjC but not for C++'
Compilation failed:
    source file: '/home/anirudhkaushik/build/CMakeFiles/CMakeTmp/src.cxx'
    check option: ' -fsigned-char -W -Wall -Werror=return-type -Werror=non-virtual-dtor -Werror=address -Werror=sequence-point -Wformat -Werror=format-security -Wmissing-declarations  -Wmissing-prototypes'
===== BUILD LOG =====
Change Dir: /home/anirudhkaushik/build/CMakeFiles/CMakeTmp

Run Build Command(s):/usr/bin/make cmTC_c67e4/fast && /usr/bin/make -f CMakeFiles/cmTC_c67e4.dir/build.make CMakeFiles/cmTC_c67e4.dir/build
make[1]: Entering directory '/home/anirudhkaushik/build/CMakeFiles/CMakeTmp'
Building CXX object CMakeFiles/cmTC_c67e4.dir/src.cxx.o
/usr/bin/c++    -O3 -DNDEBUG -fPIE    -fsigned-char -W -Wall -Werror=return-type -Werror=non-virtual-dtor -Werror=address -Werror=sequence-point -Wformat -Werror=format-security -Wmissing-declarations  -Wmissing-prototypes -std=c++11 -o CMakeFiles/cmTC_c67e4.dir/src.cxx.o -c /home/anirudhkaushik/build/CMakeFiles/CMakeTmp/src.cxx
cc1plus: warning: command line option ‘-Wmissing-prototypes’ is valid for C/ObjC but not for C++
/home/anirudhkaushik/build/CMakeFiles/CMakeTmp/src.cxx:1: warning: ignoring #pragma   [-Wunknown-pragmas]
    1 | #pragma
      | 
Linking CXX executable cmTC_c67e4
/usr/bin/cmake -E cmake_link_script CMakeFiles/cmTC_c67e4.dir/link.txt --verbose=1
/usr/bin/c++    -O3 -DNDEBUG    CMakeFiles/cmTC_c67e4.dir/src.cxx.o  -o cmTC_c67e4 
make[1]: Leaving directory '/home/anirudhkaushik/build/CMakeFiles/CMakeTmp'


===== END =====

Build output check failed:
    Regex: 'command[- ]line option .* is valid for .* but not for C\+\+'
    Output line: 'cc1plus: warning: command line option ‘-Wstrict-prototypes’ is valid for C/ObjC but not for C++'
Compilation failed:
    source file: '/home/anirudhkaushik/build/CMakeFiles/CMakeTmp/src.cxx'
    check option: ' -fsigned-char -W -Wall -Werror=return-type -Werror=non-virtual-dtor -Werror=address -Werror=sequence-point -Wformat -Werror=format-security -Wmissing-declarations  -Wstrict-prototypes'
===== BUILD LOG =====
Change Dir: /home/anirudhkaushik/build/CMakeFiles/CMakeTmp

Run Build Command(s):/usr/bin/make cmTC_2f079/fast && /usr/bin/make -f CMakeFiles/cmTC_2f079.dir/build.make CMakeFiles/cmTC_2f079.dir/build
make[1]: Entering directory '/home/anirudhkaushik/build/CMakeFiles/CMakeTmp'
Building CXX object CMakeFiles/cmTC_2f079.dir/src.cxx.o
/usr/bin/c++    -O3 -DNDEBUG -fPIE    -fsigned-char -W -Wall -Werror=return-type -Werror=non-virtual-dtor -Werror=address -Werror=sequence-point -Wformat -Werror=format-security -Wmissing-declarations  -Wstrict-prototypes -std=c++11 -o CMakeFiles/cmTC_2f079.dir/src.cxx.o -c /home/anirudhkaushik/build/CMakeFiles/CMakeTmp/src.cxx
cc1plus: warning: command line option ‘-Wstrict-prototypes’ is valid for C/ObjC but not for C++
/home/anirudhkaushik/build/CMakeFiles/CMakeTmp/src.cxx:1: warning: ignoring #pragma   [-Wunknown-pragmas]
    1 | #pragma
      | 
Linking CXX executable cmTC_2f079
/usr/bin/cmake -E cmake_link_script CMakeFiles/cmTC_2f079.dir/link.txt --verbose=1
/usr/bin/c++    -O3 -DNDEBUG    CMakeFiles/cmTC_2f079.dir/src.cxx.o  -o cmTC_2f079 
make[1]: Leaving directory '/home/anirudhkaushik/build/CMakeFiles/CMakeTmp'


===== END =====

Build output check failed:
    Regex: 'command[- ]line option .* is valid for .* but not for C'
    Output line: 'cc1: warning: command line option ‘-Wsign-promo’ is valid for C++/ObjC++ but not for C'
Compilation failed:
    source file: '/home/anirudhkaushik/build/CMakeFiles/CMakeTmp/src.c'
    check option: ' -fsigned-char -W -Wall -Werror=return-type -Werror=address -Werror=sequence-point -Wformat -Werror=format-security -Wmissing-declarations -Wmissing-prototypes -Wstrict-prototypes -Wundef -Winit-self -Wpointer-arith -Wshadow  -Wsign-promo'
===== BUILD LOG =====
Change Dir: /home/anirudhkaushik/build/CMakeFiles/CMakeTmp

Run Build Command(s):/usr/bin/make cmTC_77f67/fast && /usr/bin/make -f CMakeFiles/cmTC_77f67.dir/build.make CMakeFiles/cmTC_77f67.dir/build
make[1]: Entering directory '/home/anirudhkaushik/build/CMakeFiles/CMakeTmp'
Building C object CMakeFiles/cmTC_77f67.dir/src.c.o
/usr/bin/cc   -O3 -DNDEBUG -fPIE    -fsigned-char -W -Wall -Werror=return-type -Werror=address -Werror=sequence-point -Wformat -Werror=format-security -Wmissing-declarations -Wmissing-prototypes -Wstrict-prototypes -Wundef -Winit-self -Wpointer-arith -Wshadow  -Wsign-promo -o CMakeFiles/cmTC_77f67.dir/src.c.o   -c /home/anirudhkaushik/build/CMakeFiles/CMakeTmp/src.c
cc1: warning: command line option ‘-Wsign-promo’ is valid for C++/ObjC++ but not for C
/home/anirudhkaushik/build/CMakeFiles/CMakeTmp/src.c:1: warning: ignoring #pragma   [-Wunknown-pragmas]
    1 | #pragma
      | 
Linking C executable cmTC_77f67
/usr/bin/cmake -E cmake_link_script CMakeFiles/cmTC_77f67.dir/link.txt --verbose=1
/usr/bin/cc   -O3 -DNDEBUG    CMakeFiles/cmTC_77f67.dir/src.c.o  -o cmTC_77f67 
make[1]: Leaving directory '/home/anirudhkaushik/build/CMakeFiles/CMakeTmp'


===== END =====

Build output check failed:
    Regex: 'command[- ]line option .* is valid for .* but not for C'
    Output line: 'cc1: warning: command line option ‘-Wsuggest-override’ is valid for C++/ObjC++ but not for C'
Compilation failed:
    source file: '/home/anirudhkaushik/build/CMakeFiles/CMakeTmp/src.c'
    check option: ' -fsigned-char -W -Wall -Werror=return-type -Werror=address -Werror=sequence-point -Wformat -Werror=format-security -Wmissing-declarations -Wmissing-prototypes -Wstrict-prototypes -Wundef -Winit-self -Wpointer-arith -Wshadow -Wuninitialized -Winit-self  -Wsuggest-override'
===== BUILD LOG =====
Change Dir: /home/anirudhkaushik/build/CMakeFiles/CMakeTmp

Run Build Command(s):/usr/bin/make cmTC_795ad/fast && /usr/bin/make -f CMakeFiles/cmTC_795ad.dir/build.make CMakeFiles/cmTC_795ad.dir/build
make[1]: Entering directory '/home/anirudhkaushik/build/CMakeFiles/CMakeTmp'
Building C object CMakeFiles/cmTC_795ad.dir/src.c.o
/usr/bin/cc   -O3 -DNDEBUG -fPIE    -fsigned-char -W -Wall -Werror=return-type -Werror=address -Werror=sequence-point -Wformat -Werror=format-security -Wmissing-declarations -Wmissing-prototypes -Wstrict-prototypes -Wundef -Winit-self -Wpointer-arith -Wshadow -Wuninitialized -Winit-self  -Wsuggest-override -o CMakeFiles/cmTC_795ad.dir/src.c.o   -c /home/anirudhkaushik/build/CMakeFiles/CMakeTmp/src.c
cc1: warning: command line option ‘-Wsuggest-override’ is valid for C++/ObjC++ but not for C
/home/anirudhkaushik/build/CMakeFiles/CMakeTmp/src.c:1: warning: ignoring #pragma   [-Wunknown-pragmas]
    1 | #pragma
      | 
Linking C executable cmTC_795ad
/usr/bin/cmake -E cmake_link_script CMakeFiles/cmTC_795ad.dir/link.txt --verbose=1
/usr/bin/cc   -O3 -DNDEBUG    CMakeFiles/cmTC_795ad.dir/src.c.o  -o cmTC_795ad 
make[1]: Leaving directory '/home/anirudhkaushik/build/CMakeFiles/CMakeTmp'


===== END =====

Build output check failed:
    Regex: 'command[- ]line option .* is valid for .* but not for C'
    Output line: 'cc1: warning: command line option ‘-Wno-delete-non-virtual-dtor’ is valid for C++/ObjC++ but not for C'
Compilation failed:
    source file: '/home/anirudhkaushik/build/CMakeFiles/CMakeTmp/src.c'
    check option: ' -fsigned-char -W -Wall -Werror=return-type -Werror=address -Werror=sequence-point -Wformat -Werror=format-security -Wmissing-declarations -Wmissing-prototypes -Wstrict-prototypes -Wundef -Winit-self -Wpointer-arith -Wshadow -Wuninitialized -Winit-self  -Wno-delete-non-virtual-dtor'
===== BUILD LOG =====
Change Dir: /home/anirudhkaushik/build/CMakeFiles/CMakeTmp

Run Build Command(s):/usr/bin/make cmTC_951fe/fast && /usr/bin/make -f CMakeFiles/cmTC_951fe.dir/build.make CMakeFiles/cmTC_951fe.dir/build
make[1]: Entering directory '/home/anirudhkaushik/build/CMakeFiles/CMakeTmp'
Building C object CMakeFiles/cmTC_951fe.dir/src.c.o
/usr/bin/cc   -O3 -DNDEBUG -fPIE    -fsigned-char -W -Wall -Werror=return-type -Werror=address -Werror=sequence-point -Wformat -Werror=format-security -Wmissing-declarations -Wmissing-prototypes -Wstrict-prototypes -Wundef -Winit-self -Wpointer-arith -Wshadow -Wuninitialized -Winit-self  -Wno-delete-non-virtual-dtor -o CMakeFiles/cmTC_951fe.dir/src.c.o   -c /home/anirudhkaushik/build/CMakeFiles/CMakeTmp/src.c
cc1: warning: command line option ‘-Wno-delete-non-virtual-dtor’ is valid for C++/ObjC++ but not for C
/home/anirudhkaushik/build/CMakeFiles/CMakeTmp/src.c:1: warning: ignoring #pragma   [-Wunknown-pragmas]
    1 | #pragma
      | 
Linking C executable cmTC_951fe
/usr/bin/cmake -E cmake_link_script CMakeFiles/cmTC_951fe.dir/link.txt --verbose=1
/usr/bin/cc   -O3 -DNDEBUG    CMakeFiles/cmTC_951fe.dir/src.c.o  -o cmTC_951fe 
make[1]: Leaving directory '/home/anirudhkaushik/build/CMakeFiles/CMakeTmp'


===== END =====

Build output check failed:
    Regex: 'unrecognized .*option'
    Output line: 'cc1plus: warning: unrecognized command line option ‘-Wno-unnamed-type-template-args’'
Compilation failed:
    source file: '/home/anirudhkaushik/build/CMakeFiles/CMakeTmp/src.cxx'
    check option: ' -fsigned-char -W -Wall -Werror=return-type -Werror=non-virtual-dtor -Werror=address -Werror=sequence-point -Wformat -Werror=format-security -Wmissing-declarations -Wundef -Winit-self -Wpointer-arith -Wshadow -Wsign-promo -Wuninitialized -Winit-self -Wsuggest-override -Wno-delete-non-virtual-dtor  -Wno-unnamed-type-template-args'
===== BUILD LOG =====
Change Dir: /home/anirudhkaushik/build/CMakeFiles/CMakeTmp

Run Build Command(s):/usr/bin/make cmTC_04e07/fast && /usr/bin/make -f CMakeFiles/cmTC_04e07.dir/build.make CMakeFiles/cmTC_04e07.dir/build
make[1]: Entering directory '/home/anirudhkaushik/build/CMakeFiles/CMakeTmp'
Building CXX object CMakeFiles/cmTC_04e07.dir/src.cxx.o
/usr/bin/c++    -O3 -DNDEBUG -fPIE    -fsigned-char -W -Wall -Werror=return-type -Werror=non-virtual-dtor -Werror=address -Werror=sequence-point -Wformat -Werror=format-security -Wmissing-declarations -Wundef -Winit-self -Wpointer-arith -Wshadow -Wsign-promo -Wuninitialized -Winit-self -Wsuggest-override -Wno-delete-non-virtual-dtor  -Wno-unnamed-type-template-args -std=c++11 -o CMakeFiles/cmTC_04e07.dir/src.cxx.o -c /home/anirudhkaushik/build/CMakeFiles/CMakeTmp/src.cxx
/home/anirudhkaushik/build/CMakeFiles/CMakeTmp/src.cxx:1: warning: ignoring #pragma   [-Wunknown-pragmas]
    1 | #pragma
      | 
cc1plus: warning: unrecognized command line option ‘-Wno-unnamed-type-template-args’
Linking CXX executable cmTC_04e07
/usr/bin/cmake -E cmake_link_script CMakeFiles/cmTC_04e07.dir/link.txt --verbose=1
/usr/bin/c++    -O3 -DNDEBUG    CMakeFiles/cmTC_04e07.dir/src.cxx.o  -o cmTC_04e07 
make[1]: Leaving directory '/home/anirudhkaushik/build/CMakeFiles/CMakeTmp'


===== END =====

Build output check failed:
    Regex: 'unrecognized .*option'
    Output line: 'cc1: warning: unrecognized command line option ‘-Wno-unnamed-type-template-args’'
Compilation failed:
    source file: '/home/anirudhkaushik/build/CMakeFiles/CMakeTmp/src.c'
    check option: ' -fsigned-char -W -Wall -Werror=return-type -Werror=address -Werror=sequence-point -Wformat -Werror=format-security -Wmissing-declarations -Wmissing-prototypes -Wstrict-prototypes -Wundef -Winit-self -Wpointer-arith -Wshadow -Wuninitialized -Winit-self  -Wno-unnamed-type-template-args'
===== BUILD LOG =====
Change Dir: /home/anirudhkaushik/build/CMakeFiles/CMakeTmp

Run Build Command(s):/usr/bin/make cmTC_2a1ab/fast && /usr/bin/make -f CMakeFiles/cmTC_2a1ab.dir/build.make CMakeFiles/cmTC_2a1ab.dir/build
make[1]: Entering directory '/home/anirudhkaushik/build/CMakeFiles/CMakeTmp'
Building C object CMakeFiles/cmTC_2a1ab.dir/src.c.o
/usr/bin/cc   -O3 -DNDEBUG -fPIE    -fsigned-char -W -Wall -Werror=return-type -Werror=address -Werror=sequence-point -Wformat -Werror=format-security -Wmissing-declarations -Wmissing-prototypes -Wstrict-prototypes -Wundef -Winit-self -Wpointer-arith -Wshadow -Wuninitialized -Winit-self  -Wno-unnamed-type-template-args -o CMakeFiles/cmTC_2a1ab.dir/src.c.o   -c /home/anirudhkaushik/build/CMakeFiles/CMakeTmp/src.c
/home/anirudhkaushik/build/CMakeFiles/CMakeTmp/src.c:1: warning: ignoring #pragma   [-Wunknown-pragmas]
    1 | #pragma
      | 
cc1: warning: unrecognized command line option ‘-Wno-unnamed-type-template-args’
Linking C executable cmTC_2a1ab
/usr/bin/cmake -E cmake_link_script CMakeFiles/cmTC_2a1ab.dir/link.txt --verbose=1
/usr/bin/cc   -O3 -DNDEBUG    CMakeFiles/cmTC_2a1ab.dir/src.c.o  -o cmTC_2a1ab 
make[1]: Leaving directory '/home/anirudhkaushik/build/CMakeFiles/CMakeTmp'


===== END =====

Build output check failed:
    Regex: 'command[- ]line option .* is valid for .* but not for C'
    Output line: 'cc1: warning: command line option ‘-fvisibility-inlines-hidden’ is valid for C++/ObjC++ but not for C'
Compilation failed:
    source file: '/home/anirudhkaushik/build/CMakeFiles/CMakeTmp/src.c'
    check option: ' -fsigned-char -W -Wall -Werror=return-type -Werror=address -Werror=sequence-point -Wformat -Werror=format-security -Wmissing-declarations -Wmissing-prototypes -Wstrict-prototypes -Wundef -Winit-self -Wpointer-arith -Wshadow -Wuninitialized -Winit-self -Wno-comment -Wimplicit-fallthrough=3 -Wno-strict-overflow -fdiagnostics-show-option -Wno-long-long -pthread -fomit-frame-pointer -ffunction-sections -fdata-sections  -msse -msse2 -msse3 -fvisibility=hidden  -fvisibility-inlines-hidden'
===== BUILD LOG =====
Change Dir: /home/anirudhkaushik/build/CMakeFiles/CMakeTmp

Run Build Command(s):/usr/bin/make cmTC_b110b/fast && /usr/bin/make -f CMakeFiles/cmTC_b110b.dir/build.make CMakeFiles/cmTC_b110b.dir/build
make[1]: Entering directory '/home/anirudhkaushik/build/CMakeFiles/CMakeTmp'
Building C object CMakeFiles/cmTC_b110b.dir/src.c.o
/usr/bin/cc   -O3 -DNDEBUG -fPIE    -fsigned-char -W -Wall -Werror=return-type -Werror=address -Werror=sequence-point -Wformat -Werror=format-security -Wmissing-declarations -Wmissing-prototypes -Wstrict-prototypes -Wundef -Winit-self -Wpointer-arith -Wshadow -Wuninitialized -Winit-self -Wno-comment -Wimplicit-fallthrough=3 -Wno-strict-overflow -fdiagnostics-show-option -Wno-long-long -pthread -fomit-frame-pointer -ffunction-sections -fdata-sections  -msse -msse2 -msse3 -fvisibility=hidden  -fvisibility-inlines-hidden -o CMakeFiles/cmTC_b110b.dir/src.c.o   -c /home/anirudhkaushik/build/CMakeFiles/CMakeTmp/src.c
cc1: warning: command line option ‘-fvisibility-inlines-hidden’ is valid for C++/ObjC++ but not for C
/home/anirudhkaushik/build/CMakeFiles/CMakeTmp/src.c:1: warning: ignoring #pragma   [-Wunknown-pragmas]
    1 | #pragma
      | 
Linking C executable cmTC_b110b
/usr/bin/cmake -E cmake_link_script CMakeFiles/cmTC_b110b.dir/link.txt --verbose=1
/usr/bin/cc   -O3 -DNDEBUG    CMakeFiles/cmTC_b110b.dir/src.c.o  -o cmTC_b110b 
make[1]: Leaving directory '/home/anirudhkaushik/build/CMakeFiles/CMakeTmp'


===== END =====

Determining size of off64_t failed with the following output:
Change Dir: /home/anirudhkaushik/build/CMakeFiles/CMakeTmp

Run Build Command(s):/usr/bin/make cmTC_8c50e/fast && /usr/bin/make -f CMakeFiles/cmTC_8c50e.dir/build.make CMakeFiles/cmTC_8c50e.dir/build
make[1]: Entering directory '/home/anirudhkaushik/build/CMakeFiles/CMakeTmp'
Building C object CMakeFiles/cmTC_8c50e.dir/OFF64_T.c.o
/usr/bin/cc   -fsigned-char -W -Wall -Werror=return-type -Werror=address -Werror=sequence-point -Wformat -Werror=format-security -Wmissing-declarations -Wmissing-prototypes -Wstrict-prototypes -Wundef -Winit-self -Wpointer-arith -Wshadow -Wuninitialized -Winit-self -Wno-comment -Wimplicit-fallthrough=3 -Wno-strict-overflow -fdiagnostics-show-option -Wno-long-long -pthread -fomit-frame-pointer -ffunction-sections -fdata-sections  -msse -msse2 -msse3 -fvisibility=hidden  -O3 -DNDEBUG  -DNDEBUG -fPIE   -o CMakeFiles/cmTC_8c50e.dir/OFF64_T.c.o   -c /home/anirudhkaushik/build/CMakeFiles/CheckTypeSize/OFF64_T.c
/home/anirudhkaushik/build/CMakeFiles/CheckTypeSize/OFF64_T.c:23:22: error: ‘off64_t’ undeclared here (not in a function); did you mean ‘off_t’?
   23 | #define SIZE (sizeof(off64_t))
      |                      ^~~~~~~
/home/anirudhkaushik/build/CMakeFiles/CheckTypeSize/OFF64_T.c:25:12: note: in expansion of macro ‘SIZE’
   25 |   ('0' + ((SIZE / 10000)%10)),
      |            ^~~~
make[1]: *** [CMakeFiles/cmTC_8c50e.dir/build.make:66: CMakeFiles/cmTC_8c50e.dir/OFF64_T.c.o] Error 1
make[1]: Leaving directory '/home/anirudhkaushik/build/CMakeFiles/CMakeTmp'
make: *** [Makefile:121: cmTC_8c50e/fast] Error 2


/home/anirudhkaushik/build/CMakeFiles/CheckTypeSize/OFF64_T.c:
#include <sys/types.h>
#include <stdint.h>
#include <stddef.h>


#undef KEY
#if defined(__i386)
# define KEY '_','_','i','3','8','6'
#elif defined(__x86_64)
# define KEY '_','_','x','8','6','_','6','4'
#elif defined(__ppc__)
# define KEY '_','_','p','p','c','_','_'
#elif defined(__ppc64__)
# define KEY '_','_','p','p','c','6','4','_','_'
#elif defined(__aarch64__)
# define KEY '_','_','a','a','r','c','h','6','4','_','_'
#elif defined(__ARM_ARCH_7A__)
# define KEY '_','_','A','R','M','_','A','R','C','H','_','7','A','_','_'
#elif defined(__ARM_ARCH_7S__)
# define KEY '_','_','A','R','M','_','A','R','C','H','_','7','S','_','_'
#endif

#define SIZE (sizeof(off64_t))
static char info_size[] =  {'I', 'N', 'F', 'O', ':', 's','i','z','e','[',
  ('0' + ((SIZE / 10000)%10)),
  ('0' + ((SIZE / 1000)%10)),
  ('0' + ((SIZE / 100)%10)),
  ('0' + ((SIZE / 10)%10)),
  ('0' +  (SIZE    % 10)),
  ']',
#ifdef KEY
  ' ','k','e','y','[', KEY, ']',
#endif
  '\0'};

#ifdef __CLASSIC_C__
int main(argc, argv) int argc; char *argv[];
#else
int main(int argc, char *argv[])
#endif
{
  int require = 0;
  require += info_size[argc];
  (void)argv;
  return require;
}


Build output check failed:
    Regex: 'unrecognized .*option'
    Output line: 'cc1: warning: unrecognized command line option ‘-Wno-shorten-64-to-32’'
Compilation failed:
    source file: '/home/anirudhkaushik/build/CMakeFiles/CMakeTmp/src.c'
    check option: ' -Wno-shorten-64-to-32'
===== BUILD LOG =====
Change Dir: /home/anirudhkaushik/build/CMakeFiles/CMakeTmp

Run Build Command(s):/usr/bin/make cmTC_56810/fast && /usr/bin/make -f CMakeFiles/cmTC_56810.dir/build.make CMakeFiles/cmTC_56810.dir/build
make[1]: Entering directory '/home/anirudhkaushik/build/CMakeFiles/CMakeTmp'
Building C object CMakeFiles/cmTC_56810.dir/src.c.o
/usr/bin/cc   -fsigned-char -W -Wall -Werror=return-type -Werror=address -Werror=sequence-point -Wformat -Werror=format-security -Wmissing-declarations -Wmissing-prototypes -Wstrict-prototypes -Wundef -Winit-self -Wpointer-arith -Wshadow -Wuninitialized -Winit-self -Wno-comment -Wimplicit-fallthrough=3 -Wno-strict-overflow -fdiagnostics-show-option -Wno-long-long -pthread -fomit-frame-pointer -ffunction-sections -fdata-sections  -msse -msse2 -msse3 -fvisibility=hidden  -O3 -DNDEBUG  -DNDEBUG -fPIE    -Wno-shorten-64-to-32 -o CMakeFiles/cmTC_56810.dir/src.c.o   -c /home/anirudhkaushik/build/CMakeFiles/CMakeTmp/src.c
/home/anirudhkaushik/build/CMakeFiles/CMakeTmp/src.c:1: warning: ignoring #pragma   [-Wunknown-pragmas]
    1 | #pragma
      | 
cc1: warning: unrecognized command line option ‘-Wno-shorten-64-to-32’
Linking C executable cmTC_56810
/usr/bin/cmake -E cmake_link_script CMakeFiles/cmTC_56810.dir/link.txt --verbose=1
/usr/bin/cc    -fsigned-char -W -Wall -Werror=return-type -Werror=address -Werror=sequence-point -Wformat -Werror=format-security -Wmissing-declarations -Wmissing-prototypes -Wstrict-prototypes -Wundef -Winit-self -Wpointer-arith -Wshadow -Wuninitialized -Winit-self -Wno-comment -Wimplicit-fallthrough=3 -Wno-strict-overflow -fdiagnostics-show-option -Wno-long-long -pthread -fomit-frame-pointer -ffunction-sections -fdata-sections  -msse -msse2 -msse3 -fvisibility=hidden  -O3 -DNDEBUG  -DNDEBUG    -Wl,--gc-sections -Wl,--as-needed  CMakeFiles/cmTC_56810.dir/src.c.o  -o cmTC_56810 
make[1]: Leaving directory '/home/anirudhkaushik/build/CMakeFiles/CMakeTmp'


===== END =====

Determining if the include file io.h exists failed with the following output:
Change Dir: /home/anirudhkaushik/build/CMakeFiles/CMakeTmp

Run Build Command(s):/usr/bin/make cmTC_4a0ee/fast && /usr/bin/make -f CMakeFiles/cmTC_4a0ee.dir/build.make CMakeFiles/cmTC_4a0ee.dir/build
make[1]: Entering directory '/home/anirudhkaushik/build/CMakeFiles/CMakeTmp'
Building C object CMakeFiles/cmTC_4a0ee.dir/CheckIncludeFile.c.o
/usr/bin/cc   -fsigned-char -W -Wall -Werror=return-type -Werror=address -Werror=sequence-point -Wformat -Werror=format-security -Wmissing-declarations -Wmissing-prototypes -Wstrict-prototypes -Wundef -Winit-self -Wpointer-arith -Wshadow -Wuninitialized -Winit-self -Wno-comment -Wimplicit-fallthrough=3 -Wno-strict-overflow -fdiagnostics-show-option -Wno-long-long -pthread -fomit-frame-pointer -ffunction-sections -fdata-sections  -msse -msse2 -msse3 -fvisibility=hidden  -O3 -DNDEBUG  -DNDEBUG -fPIE   -o CMakeFiles/cmTC_4a0ee.dir/CheckIncludeFile.c.o   -c /home/anirudhkaushik/build/CMakeFiles/CMakeTmp/CheckIncludeFile.c
/home/anirudhkaushik/build/CMakeFiles/CMakeTmp/CheckIncludeFile.c:1:10: fatal error: io.h: No such file or directory
    1 | #include <io.h>
      |          ^~~~~~
compilation terminated.
make[1]: *** [CMakeFiles/cmTC_4a0ee.dir/build.make:66: CMakeFiles/cmTC_4a0ee.dir/CheckIncludeFile.c.o] Error 1
make[1]: Leaving directory '/home/anirudhkaushik/build/CMakeFiles/CMakeTmp'
make: *** [Makefile:121: cmTC_4a0ee/fast] Error 2



Determining size of INT8 failed with the following output:
Change Dir: /home/anirudhkaushik/build/CMakeFiles/CMakeTmp

Run Build Command(s):/usr/bin/make cmTC_d7493/fast && /usr/bin/make -f CMakeFiles/cmTC_d7493.dir/build.make CMakeFiles/cmTC_d7493.dir/build
make[1]: Entering directory '/home/anirudhkaushik/build/CMakeFiles/CMakeTmp'
Building C object CMakeFiles/cmTC_d7493.dir/int8.c.o
/usr/bin/cc   -fsigned-char -W -Wall -Werror=return-type -Werror=address -Werror=sequence-point -Wformat -Werror=format-security -Wmissing-declarations -Wmissing-prototypes -Wstrict-prototypes -Wundef -Winit-self -Wpointer-arith -Wshadow -Wuninitialized -Winit-self -Wno-comment -Wimplicit-fallthrough=3 -Wno-strict-overflow -fdiagnostics-show-option -Wno-long-long -pthread -fomit-frame-pointer -ffunction-sections -fdata-sections  -msse -msse2 -msse3 -fvisibility=hidden  -O3 -DNDEBUG  -DNDEBUG -fPIE   -o CMakeFiles/cmTC_d7493.dir/int8.c.o   -c /home/anirudhkaushik/build/CMakeFiles/CheckTypeSize/int8.c
/home/anirudhkaushik/build/CMakeFiles/CheckTypeSize/int8.c:23:22: error: ‘INT8’ undeclared here (not in a function); did you mean ‘INT8_C’?
   23 | #define SIZE (sizeof(INT8))
      |                      ^~~~
/home/anirudhkaushik/build/CMakeFiles/CheckTypeSize/int8.c:25:12: note: in expansion of macro ‘SIZE’
   25 |   ('0' + ((SIZE / 10000)%10)),
      |            ^~~~
make[1]: *** [CMakeFiles/cmTC_d7493.dir/build.make:66: CMakeFiles/cmTC_d7493.dir/int8.c.o] Error 1
make[1]: Leaving directory '/home/anirudhkaushik/build/CMakeFiles/CMakeTmp'
make: *** [Makefile:121: cmTC_d7493/fast] Error 2


/home/anirudhkaushik/build/CMakeFiles/CheckTypeSize/int8.c:
#include <sys/types.h>
#include <stdint.h>
#include <stddef.h>


#undef KEY
#if defined(__i386)
# define KEY '_','_','i','3','8','6'
#elif defined(__x86_64)
# define KEY '_','_','x','8','6','_','6','4'
#elif defined(__ppc__)
# define KEY '_','_','p','p','c','_','_'
#elif defined(__ppc64__)
# define KEY '_','_','p','p','c','6','4','_','_'
#elif defined(__aarch64__)
# define KEY '_','_','a','a','r','c','h','6','4','_','_'
#elif defined(__ARM_ARCH_7A__)
# define KEY '_','_','A','R','M','_','A','R','C','H','_','7','A','_','_'
#elif defined(__ARM_ARCH_7S__)
# define KEY '_','_','A','R','M','_','A','R','C','H','_','7','S','_','_'
#endif

#define SIZE (sizeof(INT8))
static char info_size[] =  {'I', 'N', 'F', 'O', ':', 's','i','z','e','[',
  ('0' + ((SIZE / 10000)%10)),
  ('0' + ((SIZE / 1000)%10)),
  ('0' + ((SIZE / 100)%10)),
  ('0' + ((SIZE / 10)%10)),
  ('0' +  (SIZE    % 10)),
  ']',
#ifdef KEY
  ' ','k','e','y','[', KEY, ']',
#endif
  '\0'};

#ifdef __CLASSIC_C__
int main(argc, argv) int argc; char *argv[];
#else
int main(int argc, char *argv[])
#endif
{
  int require = 0;
  require += info_size[argc];
  (void)argv;
  return require;
}


Determining size of INT16 failed with the following output:
Change Dir: /home/anirudhkaushik/build/CMakeFiles/CMakeTmp

Run Build Command(s):/usr/bin/make cmTC_efc16/fast && /usr/bin/make -f CMakeFiles/cmTC_efc16.dir/build.make CMakeFiles/cmTC_efc16.dir/build
make[1]: Entering directory '/home/anirudhkaushik/build/CMakeFiles/CMakeTmp'
Building C object CMakeFiles/cmTC_efc16.dir/int16.c.o
/usr/bin/cc   -fsigned-char -W -Wall -Werror=return-type -Werror=address -Werror=sequence-point -Wformat -Werror=format-security -Wmissing-declarations -Wmissing-prototypes -Wstrict-prototypes -Wundef -Winit-self -Wpointer-arith -Wshadow -Wuninitialized -Winit-self -Wno-comment -Wimplicit-fallthrough=3 -Wno-strict-overflow -fdiagnostics-show-option -Wno-long-long -pthread -fomit-frame-pointer -ffunction-sections -fdata-sections  -msse -msse2 -msse3 -fvisibility=hidden  -O3 -DNDEBUG  -DNDEBUG -fPIE   -o CMakeFiles/cmTC_efc16.dir/int16.c.o   -c /home/anirudhkaushik/build/CMakeFiles/CheckTypeSize/int16.c
/home/anirudhkaushik/build/CMakeFiles/CheckTypeSize/int16.c:23:22: error: ‘INT16’ undeclared here (not in a function); did you mean ‘INT16_C’?
   23 | #define SIZE (sizeof(INT16))
      |                      ^~~~~
/home/anirudhkaushik/build/CMakeFiles/CheckTypeSize/int16.c:25:12: note: in expansion of macro ‘SIZE’
   25 |   ('0' + ((SIZE / 10000)%10)),
      |            ^~~~
make[1]: *** [CMakeFiles/cmTC_efc16.dir/build.make:66: CMakeFiles/cmTC_efc16.dir/int16.c.o] Error 1
make[1]: Leaving directory '/home/anirudhkaushik/build/CMakeFiles/CMakeTmp'
make: *** [Makefile:121: cmTC_efc16/fast] Error 2


/home/anirudhkaushik/build/CMakeFiles/CheckTypeSize/int16.c:
#include <sys/types.h>
#include <stdint.h>
#include <stddef.h>


#undef KEY
#if defined(__i386)
# define KEY '_','_','i','3','8','6'
#elif defined(__x86_64)
# define KEY '_','_','x','8','6','_','6','4'
#elif defined(__ppc__)
# define KEY '_','_','p','p','c','_','_'
#elif defined(__ppc64__)
# define KEY '_','_','p','p','c','6','4','_','_'
#elif defined(__aarch64__)
# define KEY '_','_','a','a','r','c','h','6','4','_','_'
#elif defined(__ARM_ARCH_7A__)
# define KEY '_','_','A','R','M','_','A','R','C','H','_','7','A','_','_'
#elif defined(__ARM_ARCH_7S__)
# define KEY '_','_','A','R','M','_','A','R','C','H','_','7','S','_','_'
#endif

#define SIZE (sizeof(INT16))
static char info_size[] =  {'I', 'N', 'F', 'O', ':', 's','i','z','e','[',
  ('0' + ((SIZE / 10000)%10)),
  ('0' + ((SIZE / 1000)%10)),
  ('0' + ((SIZE / 100)%10)),
  ('0' + ((SIZE / 10)%10)),
  ('0' +  (SIZE    % 10)),
  ']',
#ifdef KEY
  ' ','k','e','y','[', KEY, ']',
#endif
  '\0'};

#ifdef __CLASSIC_C__
int main(argc, argv) int argc; char *argv[];
#else
int main(int argc, char *argv[])
#endif
{
  int require = 0;
  require += info_size[argc];
  (void)argv;
  return require;
}


Determining size of INT32 failed with the following output:
Change Dir: /home/anirudhkaushik/build/CMakeFiles/CMakeTmp

Run Build Command(s):/usr/bin/make cmTC_9b887/fast && /usr/bin/make -f CMakeFiles/cmTC_9b887.dir/build.make CMakeFiles/cmTC_9b887.dir/build
make[1]: Entering directory '/home/anirudhkaushik/build/CMakeFiles/CMakeTmp'
Building C object CMakeFiles/cmTC_9b887.dir/int32.c.o
/usr/bin/cc   -fsigned-char -W -Wall -Werror=return-type -Werror=address -Werror=sequence-point -Wformat -Werror=format-security -Wmissing-declarations -Wmissing-prototypes -Wstrict-prototypes -Wundef -Winit-self -Wpointer-arith -Wshadow -Wuninitialized -Winit-self -Wno-comment -Wimplicit-fallthrough=3 -Wno-strict-overflow -fdiagnostics-show-option -Wno-long-long -pthread -fomit-frame-pointer -ffunction-sections -fdata-sections  -msse -msse2 -msse3 -fvisibility=hidden  -O3 -DNDEBUG  -DNDEBUG -fPIE   -o CMakeFiles/cmTC_9b887.dir/int32.c.o   -c /home/anirudhkaushik/build/CMakeFiles/CheckTypeSize/int32.c
/home/anirudhkaushik/build/CMakeFiles/CheckTypeSize/int32.c:23:22: error: ‘INT32’ undeclared here (not in a function); did you mean ‘INT32_C’?
   23 | #define SIZE (sizeof(INT32))
      |                      ^~~~~
/home/anirudhkaushik/build/CMakeFiles/CheckTypeSize/int32.c:25:12: note: in expansion of macro ‘SIZE’
   25 |   ('0' + ((SIZE / 10000)%10)),
      |            ^~~~
make[1]: *** [CMakeFiles/cmTC_9b887.dir/build.make:66: CMakeFiles/cmTC_9b887.dir/int32.c.o] Error 1
make[1]: Leaving directory '/home/anirudhkaushik/build/CMakeFiles/CMakeTmp'
make: *** [Makefile:121: cmTC_9b887/fast] Error 2


/home/anirudhkaushik/build/CMakeFiles/CheckTypeSize/int32.c:
#include <sys/types.h>
#include <stdint.h>
#include <stddef.h>


#undef KEY
#if defined(__i386)
# define KEY '_','_','i','3','8','6'
#elif defined(__x86_64)
# define KEY '_','_','x','8','6','_','6','4'
#elif defined(__ppc__)
# define KEY '_','_','p','p','c','_','_'
#elif defined(__ppc64__)
# define KEY '_','_','p','p','c','6','4','_','_'
#elif defined(__aarch64__)
# define KEY '_','_','a','a','r','c','h','6','4','_','_'
#elif defined(__ARM_ARCH_7A__)
# define KEY '_','_','A','R','M','_','A','R','C','H','_','7','A','_','_'
#elif defined(__ARM_ARCH_7S__)
# define KEY '_','_','A','R','M','_','A','R','C','H','_','7','S','_','_'
#endif

#define SIZE (sizeof(INT32))
static char info_size[] =  {'I', 'N', 'F', 'O', ':', 's','i','z','e','[',
  ('0' + ((SIZE / 10000)%10)),
  ('0' + ((SIZE / 1000)%10)),
  ('0' + ((SIZE / 100)%10)),
  ('0' + ((SIZE / 10)%10)),
  ('0' +  (SIZE    % 10)),
  ']',
#ifdef KEY
  ' ','k','e','y','[', KEY, ']',
#endif
  '\0'};

#ifdef __CLASSIC_C__
int main(argc, argv) int argc; char *argv[];
#else
int main(int argc, char *argv[])
#endif
{
  int require = 0;
  require += info_size[argc];
  (void)argv;
  return require;
}


Determining if the function setmode exists failed with the following output:
Change Dir: /home/anirudhkaushik/build/CMakeFiles/CMakeTmp

Run Build Command(s):/usr/bin/make cmTC_2ab66/fast && /usr/bin/make -f CMakeFiles/cmTC_2ab66.dir/build.make CMakeFiles/cmTC_2ab66.dir/build
make[1]: Entering directory '/home/anirudhkaushik/build/CMakeFiles/CMakeTmp'
Building C object CMakeFiles/cmTC_2ab66.dir/CheckFunctionExists.c.o
/usr/bin/cc   -fsigned-char -W -Wall -Werror=return-type -Werror=address -Werror=sequence-point -Wformat -Werror=format-security -Wmissing-declarations -Wmissing-prototypes -Wstrict-prototypes -Wundef -Winit-self -Wpointer-arith -Wshadow -Wuninitialized -Winit-self -Wno-comment -Wimplicit-fallthrough=3 -Wno-strict-overflow -fdiagnostics-show-option -Wno-long-long -pthread -fomit-frame-pointer -ffunction-sections -fdata-sections  -msse -msse2 -msse3 -fvisibility=hidden -DCHECK_FUNCTION_EXISTS=setmode -O3 -DNDEBUG  -DNDEBUG -fPIE   -o CMakeFiles/cmTC_2ab66.dir/CheckFunctionExists.c.o   -c /usr/share/cmake-3.16/Modules/CheckFunctionExists.c
Linking C executable cmTC_2ab66
/usr/bin/cmake -E cmake_link_script CMakeFiles/cmTC_2ab66.dir/link.txt --verbose=1
/usr/bin/cc    -fsigned-char -W -Wall -Werror=return-type -Werror=address -Werror=sequence-point -Wformat -Werror=format-security -Wmissing-declarations -Wmissing-prototypes -Wstrict-prototypes -Wundef -Winit-self -Wpointer-arith -Wshadow -Wuninitialized -Winit-self -Wno-comment -Wimplicit-fallthrough=3 -Wno-strict-overflow -fdiagnostics-show-option -Wno-long-long -pthread -fomit-frame-pointer -ffunction-sections -fdata-sections  -msse -msse2 -msse3 -fvisibility=hidden -DCHECK_FUNCTION_EXISTS=setmode -O3 -DNDEBUG  -DNDEBUG    -Wl,--gc-sections -Wl,--as-needed  CMakeFiles/cmTC_2ab66.dir/CheckFunctionExists.c.o  -o cmTC_2ab66 
/usr/bin/ld: CMakeFiles/cmTC_2ab66.dir/CheckFunctionExists.c.o: in function `main':
CheckFunctionExists.c:(.text.startup.main+0x10): undefined reference to `setmode'
collect2: error: ld returned 1 exit status
make[1]: *** [CMakeFiles/cmTC_2ab66.dir/build.make:87: cmTC_2ab66] Error 1
make[1]: Leaving directory '/home/anirudhkaushik/build/CMakeFiles/CMakeTmp'
make: *** [Makefile:121: cmTC_2ab66/fast] Error 2



Build output check failed:
    Regex: 'command[- ]line option .* is valid for .* but not for C\+\+'
    Output line: 'cc1plus: warning: command line option ‘-Wno-missing-prototypes’ is valid for C/ObjC but not for C++'
Compilation failed:
    source file: '/home/anirudhkaushik/build/CMakeFiles/CMakeTmp/src.cxx'
    check option: ' -Wno-missing-prototypes'
===== BUILD LOG =====
Change Dir: /home/anirudhkaushik/build/CMakeFiles/CMakeTmp

Run Build Command(s):/usr/bin/make cmTC_efb55/fast && /usr/bin/make -f CMakeFiles/cmTC_efb55.dir/build.make CMakeFiles/cmTC_efb55.dir/build
make[1]: Entering directory '/home/anirudhkaushik/build/CMakeFiles/CMakeTmp'
Building CXX object CMakeFiles/cmTC_efb55.dir/src.cxx.o
/usr/bin/c++    -fsigned-char -W -Wall -Werror=return-type -Werror=non-virtual-dtor -Werror=address -Werror=sequence-point -Wformat -Werror=format-security -Wundef -Winit-self -Wpointer-arith -Wshadow -Wsign-promo -Wuninitialized -Winit-self -Wsuggest-override -Wno-delete-non-virtual-dtor -Wno-comment -Wimplicit-fallthrough=3 -Wno-strict-overflow -fdiagnostics-show-option -Wno-long-long -pthread -fomit-frame-pointer -ffunction-sections -fdata-sections  -msse -msse2 -msse3 -fvisibility=hidden -fvisibility-inlines-hidden -Wno-missing-declarations -Wno-unused-parameter  -O3 -DNDEBUG  -DNDEBUG -fPIE    -Wno-missing-prototypes -std=c++11 -o CMakeFiles/cmTC_efb55.dir/src.cxx.o -c /home/anirudhkaushik/build/CMakeFiles/CMakeTmp/src.cxx
cc1plus: warning: command line option ‘-Wno-missing-prototypes’ is valid for C/ObjC but not for C++
/home/anirudhkaushik/build/CMakeFiles/CMakeTmp/src.cxx:1: warning: ignoring #pragma   [-Wunknown-pragmas]
    1 | #pragma
      | 
Linking CXX executable cmTC_efb55
/usr/bin/cmake -E cmake_link_script CMakeFiles/cmTC_efb55.dir/link.txt --verbose=1
/usr/bin/c++     -fsigned-char -W -Wall -Werror=return-type -Werror=non-virtual-dtor -Werror=address -Werror=sequence-point -Wformat -Werror=format-security -Wundef -Winit-self -Wpointer-arith -Wshadow -Wsign-promo -Wuninitialized -Winit-self -Wsuggest-override -Wno-delete-non-virtual-dtor -Wno-comment -Wimplicit-fallthrough=3 -Wno-strict-overflow -fdiagnostics-show-option -Wno-long-long -pthread -fomit-frame-pointer -ffunction-sections -fdata-sections  -msse -msse2 -msse3 -fvisibility=hidden -fvisibility-inlines-hidden -Wno-missing-declarations -Wno-unused-parameter  -O3 -DNDEBUG  -DNDEBUG    -Wl,--gc-sections -Wl,--as-needed  CMakeFiles/cmTC_efb55.dir/src.cxx.o  -o cmTC_efb55 
make[1]: Leaving directory '/home/anirudhkaushik/build/CMakeFiles/CMakeTmp'


===== END =====

Determining if the _aligned_malloc exist failed with the following output:
Change Dir: /home/anirudhkaushik/build/CMakeFiles/CMakeTmp

Run Build Command(s):/usr/bin/make cmTC_6bd67/fast && /usr/bin/make -f CMakeFiles/cmTC_6bd67.dir/build.make CMakeFiles/cmTC_6bd67.dir/build
make[1]: Entering directory '/home/anirudhkaushik/build/CMakeFiles/CMakeTmp'
Building C object CMakeFiles/cmTC_6bd67.dir/CheckSymbolExists.c.o
/usr/bin/cc   -fsigned-char -W -Wall -Werror=return-type -Werror=address -Werror=sequence-point -Wformat -Werror=format-security -Wmissing-declarations -Wmissing-prototypes -Wstrict-prototypes -Wundef -Winit-self -Wpointer-arith -Wshadow -Wuninitialized -Winit-self -Wno-comment -Wimplicit-fallthrough=3 -Wno-strict-overflow -fdiagnostics-show-option -Wno-long-long -pthread -fomit-frame-pointer -ffunction-sections -fdata-sections  -msse -msse2 -msse3 -fvisibility=hidden  -O3 -DNDEBUG  -DNDEBUG -fPIE   -o CMakeFiles/cmTC_6bd67.dir/CheckSymbolExists.c.o   -c /home/anirudhkaushik/build/CMakeFiles/CMakeTmp/CheckSymbolExists.c
/home/anirudhkaushik/build/CMakeFiles/CMakeTmp/CheckSymbolExists.c: In function ‘main’:
/home/anirudhkaushik/build/CMakeFiles/CMakeTmp/CheckSymbolExists.c:8:19: error: ‘_aligned_malloc’ undeclared (first use in this function)
    8 |   return ((int*)(&_aligned_malloc))[argc];
      |                   ^~~~~~~~~~~~~~~
/home/anirudhkaushik/build/CMakeFiles/CMakeTmp/CheckSymbolExists.c:8:19: note: each undeclared identifier is reported only once for each function it appears in
/home/anirudhkaushik/build/CMakeFiles/CMakeTmp/CheckSymbolExists.c:4:14: warning: parameter ‘argc’ set but not used [-Wunused-but-set-parameter]
    4 | int main(int argc, char** argv)
      |          ~~~~^~~~
make[1]: *** [CMakeFiles/cmTC_6bd67.dir/build.make:66: CMakeFiles/cmTC_6bd67.dir/CheckSymbolExists.c.o] Error 1
make[1]: Leaving directory '/home/anirudhkaushik/build/CMakeFiles/CMakeTmp'
make: *** [Makefile:121: cmTC_6bd67/fast] Error 2


File /home/anirudhkaushik/build/CMakeFiles/CMakeTmp/CheckSymbolExists.c:
/* */
#include <malloc.h>

int main(int argc, char** argv)
{
  (void)argv;
#ifndef _aligned_malloc
  return ((int*)(&_aligned_malloc))[argc];
#else
  (void)argc;
  return 0;
#endif
}
Build output check failed:
    Regex: 'unrecognized .*option'
    Output line: 'cc1plus: warning: unrecognized command line option ‘-Wno-inconsistent-missing-override’'
Compilation failed:
    source file: '/home/anirudhkaushik/build/CMakeFiles/CMakeTmp/src.cxx'
    check option: ' -Wno-inconsistent-missing-override'
===== BUILD LOG =====
Change Dir: /home/anirudhkaushik/build/CMakeFiles/CMakeTmp

Run Build Command(s):/usr/bin/make cmTC_77438/fast && /usr/bin/make -f CMakeFiles/cmTC_77438.dir/build.make CMakeFiles/cmTC_77438.dir/build
make[1]: Entering directory '/home/anirudhkaushik/build/CMakeFiles/CMakeTmp'
Building CXX object CMakeFiles/cmTC_77438.dir/src.cxx.o
/usr/bin/c++    -fsigned-char -W -Wall -Werror=return-type -Werror=non-virtual-dtor -Werror=address -Werror=sequence-point -Wformat -Werror=format-security -Winit-self -Wpointer-arith -Wsign-promo -Winit-self -Wno-delete-non-virtual-dtor -Wno-comment -Wimplicit-fallthrough=3 -Wno-strict-overflow -fdiagnostics-show-option -Wno-long-long -pthread -fomit-frame-pointer -ffunction-sections -fdata-sections  -msse -msse2 -msse3 -fvisibility=hidden -fvisibility-inlines-hidden -Wno-shadow -Wno-unused -Wno-sign-compare -Wno-undef -Wno-missing-declarations -Wno-uninitialized -Wno-switch -Wno-parentheses -Wno-array-bounds -Wno-extra -Wno-deprecated-declarations -Wno-misleading-indentation -Wno-deprecated -Wno-suggest-override  -O3 -DNDEBUG  -DNDEBUG -fPIE    -Wno-inconsistent-missing-override -std=c++11 -o CMakeFiles/cmTC_77438.dir/src.cxx.o -c /home/anirudhkaushik/build/CMakeFiles/CMakeTmp/src.cxx
/home/anirudhkaushik/build/CMakeFiles/CMakeTmp/src.cxx:1: warning: ignoring #pragma   [-Wunknown-pragmas]
    1 | #pragma
      | 
cc1plus: warning: unrecognized command line option ‘-Wno-inconsistent-missing-override’
Linking CXX executable cmTC_77438
/usr/bin/cmake -E cmake_link_script CMakeFiles/cmTC_77438.dir/link.txt --verbose=1
/usr/bin/c++     -fsigned-char -W -Wall -Werror=return-type -Werror=non-virtual-dtor -Werror=address -Werror=sequence-point -Wformat -Werror=format-security -Winit-self -Wpointer-arith -Wsign-promo -Winit-self -Wno-delete-non-virtual-dtor -Wno-comment -Wimplicit-fallthrough=3 -Wno-strict-overflow -fdiagnostics-show-option -Wno-long-long -pthread -fomit-frame-pointer -ffunction-sections -fdata-sections  -msse -msse2 -msse3 -fvisibility=hidden -fvisibility-inlines-hidden -Wno-shadow -Wno-unused -Wno-sign-compare -Wno-undef -Wno-missing-declarations -Wno-uninitialized -Wno-switch -Wno-parentheses -Wno-array-bounds -Wno-extra -Wno-deprecated-declarations -Wno-misleading-indentation -Wno-deprecated -Wno-suggest-override  -O3 -DNDEBUG  -DNDEBUG    -Wl,--gc-sections -Wl,--as-needed  CMakeFiles/cmTC_77438.dir/src.cxx.o  -o cmTC_77438 
make[1]: Leaving directory '/home/anirudhkaushik/build/CMakeFiles/CMakeTmp'


===== END =====

Determining if the function sgemm_ exists failed with the following output:
Change Dir: /home/anirudhkaushik/build/CMakeFiles/CMakeTmp

Run Build Command(s):/usr/bin/make cmTC_a517b/fast && /usr/bin/make -f CMakeFiles/cmTC_a517b.dir/build.make CMakeFiles/cmTC_a517b.dir/build
make[1]: Entering directory '/home/anirudhkaushik/build/CMakeFiles/CMakeTmp'
Building C object CMakeFiles/cmTC_a517b.dir/CheckFunctionExists.c.o
/usr/bin/cc   -fsigned-char -W -Wall -Werror=return-type -Werror=address -Werror=sequence-point -Wformat -Werror=format-security -Wmissing-declarations -Wmissing-prototypes -Wstrict-prototypes -Wundef -Winit-self -Wpointer-arith -Wshadow -Wuninitialized -Winit-self -Wno-comment -Wimplicit-fallthrough=3 -Wno-strict-overflow -fdiagnostics-show-option -Wno-long-long -pthread -fomit-frame-pointer -ffunction-sections -fdata-sections  -msse -msse2 -msse3 -fvisibility=hidden -DCHECK_FUNCTION_EXISTS=sgemm_ -O3 -DNDEBUG  -DNDEBUG -fPIE   -o CMakeFiles/cmTC_a517b.dir/CheckFunctionExists.c.o   -c /usr/share/cmake-3.16/Modules/CheckFunctionExists.c
Linking C executable cmTC_a517b
/usr/bin/cmake -E cmake_link_script CMakeFiles/cmTC_a517b.dir/link.txt --verbose=1
/usr/bin/cc    -fsigned-char -W -Wall -Werror=return-type -Werror=address -Werror=sequence-point -Wformat -Werror=format-security -Wmissing-declarations -Wmissing-prototypes -Wstrict-prototypes -Wundef -Winit-self -Wpointer-arith -Wshadow -Wuninitialized -Winit-self -Wno-comment -Wimplicit-fallthrough=3 -Wno-strict-overflow -fdiagnostics-show-option -Wno-long-long -pthread -fomit-frame-pointer -ffunction-sections -fdata-sections  -msse -msse2 -msse3 -fvisibility=hidden -DCHECK_FUNCTION_EXISTS=sgemm_ -O3 -DNDEBUG  -DNDEBUG    -Wl,--gc-sections -Wl,--as-needed  CMakeFiles/cmTC_a517b.dir/CheckFunctionExists.c.o  -o cmTC_a517b 
/usr/bin/ld: CMakeFiles/cmTC_a517b.dir/CheckFunctionExists.c.o: in function `main':
CheckFunctionExists.c:(.text.startup.main+0x10): undefined reference to `sgemm_'
collect2: error: ld returned 1 exit status
make[1]: *** [CMakeFiles/cmTC_a517b.dir/build.make:87: cmTC_a517b] Error 1
make[1]: Leaving directory '/home/anirudhkaushik/build/CMakeFiles/CMakeTmp'
make: *** [Makefile:121: cmTC_a517b/fast] Error 2



Build output check failed:
    Regex: 'unrecognized .*option'
    Output line: 'cc1plus: warning: unrecognized command line option ‘-Wno-tautological-undefined-compare’'
Compilation failed:
    source file: '/home/anirudhkaushik/build/CMakeFiles/CMakeTmp/src.cxx'
    check option: ' -Wno-tautological-undefined-compare'
===== BUILD LOG =====
Change Dir: /home/anirudhkaushik/build/CMakeFiles/CMakeTmp

Run Build Command(s):/usr/bin/make cmTC_a0e75/fast && /usr/bin/make -f CMakeFiles/cmTC_a0e75.dir/build.make CMakeFiles/cmTC_a0e75.dir/build
make[1]: Entering directory '/home/anirudhkaushik/build/CMakeFiles/CMakeTmp'
Building CXX object CMakeFiles/cmTC_a0e75.dir/src.cxx.o
/usr/bin/c++    -fsigned-char -W -Wall -Werror=return-type -Werror=non-virtual-dtor -Werror=address -Werror=sequence-point -Wformat -Werror=format-security -Winit-self -Wpointer-arith -Wuninitialized -Winit-self -Wsuggest-override -Wno-delete-non-virtual-dtor -Wno-comment -Wimplicit-fallthrough=3 -Wno-strict-overflow -fdiagnostics-show-option -Wno-long-long -pthread -fomit-frame-pointer -ffunction-sections -fdata-sections  -msse -msse2 -msse3 -fvisibility=hidden -fvisibility-inlines-hidden -Wno-deprecated -Wno-missing-declarations -Wno-shadow -Wno-unused-parameter -Wno-unused-local-typedefs -Wno-sign-compare -Wno-sign-promo -Wno-undef  -O3 -DNDEBUG  -DNDEBUG -fPIE    -Wno-tautological-undefined-compare -std=c++11 -o CMakeFiles/cmTC_a0e75.dir/src.cxx.o -c /home/anirudhkaushik/build/CMakeFiles/CMakeTmp/src.cxx
/home/anirudhkaushik/build/CMakeFiles/CMakeTmp/src.cxx:1: warning: ignoring #pragma   [-Wunknown-pragmas]
    1 | #pragma
      | 
cc1plus: warning: unrecognized command line option ‘-Wno-tautological-undefined-compare’
Linking CXX executable cmTC_a0e75
/usr/bin/cmake -E cmake_link_script CMakeFiles/cmTC_a0e75.dir/link.txt --verbose=1
/usr/bin/c++     -fsigned-char -W -Wall -Werror=return-type -Werror=non-virtual-dtor -Werror=address -Werror=sequence-point -Wformat -Werror=format-security -Winit-self -Wpointer-arith -Wuninitialized -Winit-self -Wsuggest-override -Wno-delete-non-virtual-dtor -Wno-comment -Wimplicit-fallthrough=3 -Wno-strict-overflow -fdiagnostics-show-option -Wno-long-long -pthread -fomit-frame-pointer -ffunction-sections -fdata-sections  -msse -msse2 -msse3 -fvisibility=hidden -fvisibility-inlines-hidden -Wno-deprecated -Wno-missing-declarations -Wno-shadow -Wno-unused-parameter -Wno-unused-local-typedefs -Wno-sign-compare -Wno-sign-promo -Wno-undef  -O3 -DNDEBUG  -DNDEBUG    -Wl,--gc-sections -Wl,--as-needed  CMakeFiles/cmTC_a0e75.dir/src.cxx.o  -o cmTC_a0e75 
make[1]: Leaving directory '/home/anirudhkaushik/build/CMakeFiles/CMakeTmp'


===== END =====

Build output check failed:
    Regex: 'unrecognized .*option'
    Output line: 'cc1plus: warning: unrecognized command line option ‘-Wno-shorten-64-to-32’'
Compilation failed:
    source file: '/home/anirudhkaushik/build/CMakeFiles/CMakeTmp/src.cxx'
    check option: ' -Wno-shorten-64-to-32'
===== BUILD LOG =====
Change Dir: /home/anirudhkaushik/build/CMakeFiles/CMakeTmp

Run Build Command(s):/usr/bin/make cmTC_e97b6/fast && /usr/bin/make -f CMakeFiles/cmTC_e97b6.dir/build.make CMakeFiles/cmTC_e97b6.dir/build
make[1]: Entering directory '/home/anirudhkaushik/build/CMakeFiles/CMakeTmp'
Building CXX object CMakeFiles/cmTC_e97b6.dir/src.cxx.o
/usr/bin/c++    -fsigned-char -W -Wall -Werror=return-type -Werror=non-virtual-dtor -Werror=address -Werror=sequence-point -Wformat -Werror=format-security -Winit-self -Wpointer-arith -Wuninitialized -Winit-self -Wsuggest-override -Wno-delete-non-virtual-dtor -Wno-comment -Wimplicit-fallthrough=3 -Wno-strict-overflow -fdiagnostics-show-option -Wno-long-long -pthread -fomit-frame-pointer -ffunction-sections -fdata-sections  -msse -msse2 -msse3 -fvisibility=hidden -fvisibility-inlines-hidden -Wno-deprecated -Wno-missing-declarations -Wno-shadow -Wno-unused-parameter -Wno-unused-local-typedefs -Wno-sign-compare -Wno-sign-promo -Wno-undef -Wno-ignored-qualifiers -Wno-extra -Wno-unused-function -Wno-unused-const-variable  -O3 -DNDEBUG  -DNDEBUG -fPIE    -Wno-shorten-64-to-32 -std=c++11 -o CMakeFiles/cmTC_e97b6.dir/src.cxx.o -c /home/anirudhkaushik/build/CMakeFiles/CMakeTmp/src.cxx
/home/anirudhkaushik/build/CMakeFiles/CMakeTmp/src.cxx:1: warning: ignoring #pragma   [-Wunknown-pragmas]
    1 | #pragma
      | 
cc1plus: warning: unrecognized command line option ‘-Wno-shorten-64-to-32’
Linking CXX executable cmTC_e97b6
/usr/bin/cmake -E cmake_link_script CMakeFiles/cmTC_e97b6.dir/link.txt --verbose=1
/usr/bin/c++     -fsigned-char -W -Wall -Werror=return-type -Werror=non-virtual-dtor -Werror=address -Werror=sequence-point -Wformat -Werror=format-security -Winit-self -Wpointer-arith -Wuninitialized -Winit-self -Wsuggest-override -Wno-delete-non-virtual-dtor -Wno-comment -Wimplicit-fallthrough=3 -Wno-strict-overflow -fdiagnostics-show-option -Wno-long-long -pthread -fomit-frame-pointer -ffunction-sections -fdata-sections  -msse -msse2 -msse3 -fvisibility=hidden -fvisibility-inlines-hidden -Wno-deprecated -Wno-missing-declarations -Wno-shadow -Wno-unused-parameter -Wno-unused-local-typedefs -Wno-sign-compare -Wno-sign-promo -Wno-undef -Wno-ignored-qualifiers -Wno-extra -Wno-unused-function -Wno-unused-const-variable  -O3 -DNDEBUG  -DNDEBUG    -Wl,--gc-sections -Wl,--as-needed  CMakeFiles/cmTC_e97b6.dir/src.cxx.o  -o cmTC_e97b6 
make[1]: Leaving directory '/home/anirudhkaushik/build/CMakeFiles/CMakeTmp'


===== END =====

Build output check failed:
    Regex: 'unrecognized .*option'
    Output line: 'cc1plus: warning: unrecognized command line option ‘-Wno-enum-compare-switch’'
Compilation failed:
    source file: '/home/anirudhkaushik/build/CMakeFiles/CMakeTmp/src.cxx'
    check option: ' -Wno-enum-compare-switch'
===== BUILD LOG =====
Change Dir: /home/anirudhkaushik/build/CMakeFiles/CMakeTmp

Run Build Command(s):/usr/bin/make cmTC_173b7/fast && /usr/bin/make -f CMakeFiles/cmTC_173b7.dir/build.make CMakeFiles/cmTC_173b7.dir/build
make[1]: Entering directory '/home/anirudhkaushik/build/CMakeFiles/CMakeTmp'
Building CXX object CMakeFiles/cmTC_173b7.dir/src.cxx.o
/usr/bin/c++    -fsigned-char -W -Wall -Werror=return-type -Werror=non-virtual-dtor -Werror=address -Werror=sequence-point -Wformat -Werror=format-security -Winit-self -Wpointer-arith -Wuninitialized -Winit-self -Wsuggest-override -Wno-delete-non-virtual-dtor -Wno-comment -Wimplicit-fallthrough=3 -Wno-strict-overflow -fdiagnostics-show-option -Wno-long-long -pthread -fomit-frame-pointer -ffunction-sections -fdata-sections  -msse -msse2 -msse3 -fvisibility=hidden -fvisibility-inlines-hidden -Wno-deprecated -Wno-missing-declarations -Wno-shadow -Wno-unused-parameter -Wno-unused-local-typedefs -Wno-sign-compare -Wno-sign-promo -Wno-undef -Wno-ignored-qualifiers -Wno-extra -Wno-unused-function -Wno-unused-const-variable -Wno-invalid-offsetof  -O3 -DNDEBUG  -DNDEBUG -fPIE    -Wno-enum-compare-switch -std=c++11 -o CMakeFiles/cmTC_173b7.dir/src.cxx.o -c /home/anirudhkaushik/build/CMakeFiles/CMakeTmp/src.cxx
/home/anirudhkaushik/build/CMakeFiles/CMakeTmp/src.cxx:1: warning: ignoring #pragma   [-Wunknown-pragmas]
    1 | #pragma
      | 
cc1plus: warning: unrecognized command line option ‘-Wno-enum-compare-switch’
Linking CXX executable cmTC_173b7
/usr/bin/cmake -E cmake_link_script CMakeFiles/cmTC_173b7.dir/link.txt --verbose=1
/usr/bin/c++     -fsigned-char -W -Wall -Werror=return-type -Werror=non-virtual-dtor -Werror=address -Werror=sequence-point -Wformat -Werror=format-security -Winit-self -Wpointer-arith -Wuninitialized -Winit-self -Wsuggest-override -Wno-delete-non-virtual-dtor -Wno-comment -Wimplicit-fallthrough=3 -Wno-strict-overflow -fdiagnostics-show-option -Wno-long-long -pthread -fomit-frame-pointer -ffunction-sections -fdata-sections  -msse -msse2 -msse3 -fvisibility=hidden -fvisibility-inlines-hidden -Wno-deprecated -Wno-missing-declarations -Wno-shadow -Wno-unused-parameter -Wno-unused-local-typedefs -Wno-sign-compare -Wno-sign-promo -Wno-undef -Wno-ignored-qualifiers -Wno-extra -Wno-unused-function -Wno-unused-const-variable -Wno-invalid-offsetof  -O3 -DNDEBUG  -DNDEBUG    -Wl,--gc-sections -Wl,--as-needed  CMakeFiles/cmTC_173b7.dir/src.cxx.o  -o cmTC_173b7 
make[1]: Leaving directory '/home/anirudhkaushik/build/CMakeFiles/CMakeTmp'


===== END =====

Determining if the include file sys/videoio.h exists failed with the following output:
Change Dir: /home/anirudhkaushik/build/CMakeFiles/CMakeTmp

Run Build Command(s):/usr/bin/make cmTC_915ff/fast && /usr/bin/make -f CMakeFiles/cmTC_915ff.dir/build.make CMakeFiles/cmTC_915ff.dir/build
make[1]: Entering directory '/home/anirudhkaushik/build/CMakeFiles/CMakeTmp'
Building C object CMakeFiles/cmTC_915ff.dir/CheckIncludeFile.c.o
/usr/bin/cc   -fsigned-char -W -Wall -Werror=return-type -Werror=address -Werror=sequence-point -Wformat -Werror=format-security -Wmissing-declarations -Wmissing-prototypes -Wstrict-prototypes -Wundef -Winit-self -Wpointer-arith -Wshadow -Wuninitialized -Winit-self -Wno-comment -Wimplicit-fallthrough=3 -Wno-strict-overflow -fdiagnostics-show-option -Wno-long-long -pthread -fomit-frame-pointer -ffunction-sections -fdata-sections  -msse -msse2 -msse3 -fvisibility=hidden  -O3 -DNDEBUG  -DNDEBUG -fPIE   -o CMakeFiles/cmTC_915ff.dir/CheckIncludeFile.c.o   -c /home/anirudhkaushik/build/CMakeFiles/CMakeTmp/CheckIncludeFile.c
/home/anirudhkaushik/build/CMakeFiles/CMakeTmp/CheckIncludeFile.c:1:10: fatal error: sys/videoio.h: No such file or directory
    1 | #include <sys/videoio.h>
      |          ^~~~~~~~~~~~~~~
compilation terminated.
make[1]: *** [CMakeFiles/cmTC_915ff.dir/build.make:66: CMakeFiles/cmTC_915ff.dir/CheckIncludeFile.c.o] Error 1
make[1]: Leaving directory '/home/anirudhkaushik/build/CMakeFiles/CMakeTmp'
make: *** [Makefile:121: cmTC_915ff/fast] Error 2



